<?xml version="1.0" encoding="UTF-8"?>
<!-- Generated by org.testng.reporters.JUnitReportReporter -->
<testsuite skipped="0" hostname="AMILTPBLR344" name="com.qa.hs.keyword.tests.LoginTest" tests="1" failures="0" timestamp="2020-04-15T02:11:04 IST" time="27.809" errors="0">
  <testcase name="loginTestScenario" time="27.809" classname="com.qa.hs.keyword.tests.LoginTest"/>
</testsuite> <!-- com.qa.hs.keyword.tests.LoginTest -->
